<?xml version="1.0" encoding="UTF-8"?>
<!-- Generated by org.testng.reporters.JUnitReportReporter -->
<testsuite hostname="DESKTOP-E8QS068" failures="0" tests="1" name="Academy.validateTitle" time="0.160" errors="0" timestamp="21 Oct 2019 18:37:21 GMT">
  <testcase classname="Academy.validateTitle" name="basePageNavigation" time="0.160"/>
</testsuite> <!-- Academy.validateTitle -->
