<?xml version="1.0" encoding="UTF-8"?>
<!-- Generated by org.testng.reporters.JUnitReportReporter -->
<testsuite hostname="DESKTOP-E8QS068" failures="0" tests="2" name="Academy.HomePage" time="30.308" errors="0" timestamp="21 Oct 2019 18:37:21 GMT">
  <testcase classname="Academy.HomePage" name="basePageNavigation" time="11.654"/>
  <testcase classname="Academy.HomePage" name="basePageNavigation" time="18.654"/>
</testsuite> <!-- Academy.HomePage -->
