<?xml version="1.0" encoding="UTF-8"?>
<!-- Generated by org.testng.reporters.JUnitReportReporter -->
<testsuite hostname="DESKTOP-E8QS068" failures="0" tests="1" name="Academy.validateNavigationBar" time="0.331" errors="0" timestamp="21 Oct 2019 18:37:21 GMT">
  <testcase classname="Academy.validateNavigationBar" name="basePageNavigation" time="0.331"/>
</testsuite> <!-- Academy.validateNavigationBar -->
