<?xml version="1.0" encoding="UTF-8"?>
<!-- Generated by org.testng.reporters.JUnitReportReporter -->
<testsuite hostname="DESKTOP-E8QS068" name="Academy.HomePage" tests="2" failures="0" timestamp="21 Oct 2019 18:39:44 GMT" time="38.809" errors="0">
  <testcase name="basePageNavigation" time="23.133" classname="Academy.HomePage"/>
  <testcase name="basePageNavigation" time="15.676" classname="Academy.HomePage"/>
</testsuite> <!-- Academy.HomePage -->
