<?xml version="1.0" encoding="UTF-8"?>
<!-- Generated by org.testng.reporters.JUnitReportReporter -->
<testsuite hostname="DESKTOP-E8QS068" name="Academy.validateNavigationBar" tests="1" failures="0" timestamp="21 Oct 2019 18:39:44 GMT" time="0.376" errors="0">
  <testcase name="basePageNavigation" time="0.376" classname="Academy.validateNavigationBar"/>
</testsuite> <!-- Academy.validateNavigationBar -->
